Using pre-set license
Built from '2021.3/staging' branch; Version is '2021.3.14f1 (eee1884e7226) revision 15655304'; Using compiler version '192829333'; Build Type 'Release'
OS: 'Windows 10  (10.0.19045) 64bit CoreSingleLanguage' Language: 'en' Physical Memory: 7583 MB
BatchMode: 1, IsHumanControllingUs: 0, StartBugReporterOnCrash: 0, Is64bit: 1, IsPro: 1

COMMAND LINE ARGUMENTS:
C:\Program Files\Unity\Hub\Editor\2021.3.14f1\Editor\Unity.exe
-adb2
-batchMode
-noUpm
-name
AssetImportWorker7
-projectPath
C:/Users/yuvra/Desktop/Learnings/unity/2d/Chess2d
-logFile
Logs/AssetImportWorker7.log
-srvPort
61518
Successfully changed project path to: C:/Users/yuvra/Desktop/Learnings/unity/2d/Chess2d
C:/Users/yuvra/Desktop/Learnings/unity/2d/Chess2d
[UnityMemory] Configuration Parameters - Can be set up in boot.config
    "memorysetup-bucket-allocator-granularity=16"
    "memorysetup-bucket-allocator-bucket-count=8"
    "memorysetup-bucket-allocator-block-size=33554432"
    "memorysetup-bucket-allocator-block-count=8"
    "memorysetup-main-allocator-block-size=16777216"
    "memorysetup-thread-allocator-block-size=16777216"
    "memorysetup-gfx-main-allocator-block-size=16777216"
    "memorysetup-gfx-thread-allocator-block-size=16777216"
    "memorysetup-cache-allocator-block-size=4194304"
    "memorysetup-typetree-allocator-block-size=2097152"
    "memorysetup-profiler-bucket-allocator-granularity=16"
    "memorysetup-profiler-bucket-allocator-bucket-count=8"
    "memorysetup-profiler-bucket-allocator-block-size=33554432"
    "memorysetup-profiler-bucket-allocator-block-count=8"
    "memorysetup-profiler-allocator-block-size=16777216"
    "memorysetup-profiler-editor-allocator-block-size=1048576"
    "memorysetup-temp-allocator-size-main=16777216"
    "memorysetup-job-temp-allocator-block-size=2097152"
    "memorysetup-job-temp-allocator-block-size-background=1048576"
    "memorysetup-job-temp-allocator-reduction-small-platforms=262144"
    "memorysetup-temp-allocator-size-background-worker=32768"
    "memorysetup-temp-allocator-size-job-worker=262144"
    "memorysetup-temp-allocator-size-preload-manager=33554432"
    "memorysetup-temp-allocator-size-nav-mesh-worker=65536"
    "memorysetup-temp-allocator-size-audio-worker=65536"
    "memorysetup-temp-allocator-size-cloud-worker=32768"
    "memorysetup-temp-allocator-size-gi-baking-worker=262144"
    "memorysetup-temp-allocator-size-gfx=262144"
Refreshing native plugins compatible for Editor in 255.69 ms, found 4 plugins.
Preloading 0 native plugins for Editor in 0.00 ms.
Initialize engine version: 2021.3.14f1 (eee1884e7226)
[Subsystems] Discovering subsystems at path C:/Program Files/Unity/Hub/Editor/2021.3.14f1/Editor/Data/Resources/UnitySubsystems
[Subsystems] Discovering subsystems at path C:/Users/yuvra/Desktop/Learnings/unity/2d/Chess2d/Assets
GfxDevice: creating device client; threaded=0; jobified=0
Direct3D:
    Version:  Direct3D 11.0 [level 11.1]
    Renderer: NVIDIA GeForce GTX 1650 (ID=0x1f9d)
    Vendor:   NVIDIA
    VRAM:     3949 MB
    Driver:   31.0.15.3168
Initialize mono
Mono path[0] = 'C:/Program Files/Unity/Hub/Editor/2021.3.14f1/Editor/Data/Managed'
Mono path[1] = 'C:/Program Files/Unity/Hub/Editor/2021.3.14f1/Editor/Data/MonoBleedingEdge/lib/mono/unityjit-win32'
Mono config path = 'C:/Program Files/Unity/Hub/Editor/2021.3.14f1/Editor/Data/MonoBleedingEdge/etc'
Using monoOptions --debugger-agent=transport=dt_socket,embedding=1,server=y,suspend=n,address=127.0.0.1:56504
Begin MonoManager ReloadAssembly
Registering precompiled unity dll's ...
Register platform support module: C:/Program Files/Unity/Hub/Editor/2021.3.14f1/Editor/Data/PlaybackEngines/WebGLSupport/UnityEditor.WebGL.Extensions.dll
Register platform support module: C:/Program Files/Unity/Hub/Editor/2021.3.14f1/Editor/Data/PlaybackEngines/AndroidPlayer/UnityEditor.Android.Extensions.dll
Register platform support module: C:/Program Files/Unity/Hub/Editor/2021.3.14f1/Editor/Data/PlaybackEngines/WindowsStandaloneSupport/UnityEditor.WindowsStandalone.Extensions.dll
Registered in 0.016516 seconds.
Native extension for WindowsStandalone target not found
Native extension for Android target not found
Native extension for WebGL target not found
Refreshing native plugins compatible for Editor in 118.16 ms, found 4 plugins.
Preloading 0 native plugins for Editor in 0.00 ms.
Mono: successfully reloaded assembly
- Completed reload, in  1.354 seconds
Domain Reload Profiling:
	ReloadAssembly (1355ms)
		BeginReloadAssembly (222ms)
			ExecutionOrderSort (0ms)
			DisableScriptedObjects (0ms)
			BackupInstance (0ms)
			ReleaseScriptingObjects (0ms)
			CreateAndSetChildDomain (2ms)
		EndReloadAssembly (757ms)
			LoadAssemblies (218ms)
			RebuildTransferFunctionScriptingTraits (0ms)
			SetupTypeCache (342ms)
			ReleaseScriptCaches (0ms)
			RebuildScriptCaches (26ms)
			SetupLoadedEditorAssemblies (331ms)
				LogAssemblyErrors (0ms)
				InitializePlatformSupportModulesInManaged (65ms)
				SetLoadedEditorAssemblies (0ms)
				RefreshPlugins (118ms)
				BeforeProcessingInitializeOnLoad (1ms)
				ProcessInitializeOnLoadAttributes (94ms)
				ProcessInitializeOnLoadMethodAttributes (52ms)
				AfterProcessingInitializeOnLoad (0ms)
				EditorAssembliesLoaded (0ms)
			ExecutionOrderSort2 (0ms)
			AwakeInstancesAfterBackupRestoration (0ms)
Platform modules already initialized, skipping
Registering precompiled user dll's ...
Registered in 0.010151 seconds.
Begin MonoManager ReloadAssembly
Symbol file LoadedFromMemory doesn't match image C:\Users\yuvra\Desktop\Learnings\unity\2d\Chess2d\Library\PackageCache\com.unity.visualscripting@1.7.8\Editor\VisualScripting.Core\Dependencies\YamlDotNet\Unity.VisualScripting.YamlDotNet.dll
Symbol file LoadedFromMemory doesn't match image C:\Users\yuvra\Desktop\Learnings\unity\2d\Chess2d\Library\PackageCache\com.unity.visualscripting@1.7.8\Editor\VisualScripting.Core\Dependencies\DotNetZip\Unity.VisualScripting.IonicZip.dll
Native extension for WindowsStandalone target not found
Native extension for Android target not found
Native extension for WebGL target not found
Refreshing native plugins compatible for Editor in 202.11 ms, found 4 plugins.
Preloading 0 native plugins for Editor in 0.00 ms.
Mono: successfully reloaded assembly
- Completed reload, in  3.163 seconds
Domain Reload Profiling:
	ReloadAssembly (3164ms)
		BeginReloadAssembly (855ms)
			ExecutionOrderSort (0ms)
			DisableScriptedObjects (12ms)
			BackupInstance (0ms)
			ReleaseScriptingObjects (2ms)
			CreateAndSetChildDomain (609ms)
		EndReloadAssembly (2103ms)
			LoadAssemblies (479ms)
			RebuildTransferFunctionScriptingTraits (0ms)
			SetupTypeCache (579ms)
			ReleaseScriptCaches (2ms)
			RebuildScriptCaches (154ms)
			SetupLoadedEditorAssemblies (885ms)
				LogAssemblyErrors (0ms)
				InitializePlatformSupportModulesInManaged (33ms)
				SetLoadedEditorAssemblies (0ms)
				RefreshPlugins (202ms)
				BeforeProcessingInitializeOnLoad (179ms)
				ProcessInitializeOnLoadAttributes (365ms)
				ProcessInitializeOnLoadMethodAttributes (97ms)
				AfterProcessingInitializeOnLoad (9ms)
				EditorAssembliesLoaded (0ms)
			ExecutionOrderSort2 (0ms)
			AwakeInstancesAfterBackupRestoration (5ms)
Platform modules already initialized, skipping
========================================================================
Worker process is ready to serve import requests
Launched and connected shader compiler UnityShaderCompiler.exe after 0.13 seconds
Refreshing native plugins compatible for Editor in 1.99 ms, found 4 plugins.
Preloading 0 native plugins for Editor in 0.00 ms.
Unloading 5897 Unused Serialized files (Serialized files now loaded: 0)
Unloading 59 unused Assets / (1.3 MB). Loaded Objects now: 6339.
Memory consumption went from 230.5 MB to 229.2 MB.
Total: 9.913900 ms (FindLiveObjects: 0.599700 ms CreateObjectMapping: 0.967300 ms MarkObjects: 6.983600 ms  DeleteObjects: 1.359600 ms)

AssetImportParameters requested are different than current active one (requested -> active):
  custom:video-decoder-ogg-theora: a1e56fd34408186e4bbccfd4996cb3dc -> 
  custom:container-muxer-webm: aa71ff27fc2769a1b78a27578f13a17b -> 
  custom:container-demuxer-webm: 4f35f7cbe854078d1ac9338744f61a02 -> 
  custom:video-encoder-webm-vp8: eb34c28f22e8b96e1ab97ce403110664 -> 
  custom:video-codec-MediaFoundation-h265: 746d11721c4dcdbdad8f713fa42b33f4 -> 
  custom:audio-encoder-webm-vorbis: bf7c407c2cedff20999df2af8eb42d56 -> 
  custom:framework-win-MediaFoundation: 216162199b28c13a410421893ffa2e32 -> 
  custom:container-demuxer-ogg: 62fdf1f143b41e24485cea50d1cbac27 -> 
  custom:video-decoder-webm-vp8: 9c59270c3fd7afecdb556c50c9e8de78 -> 
  custom:audio-decoder-ogg-vorbis: bf7c407c2cedff20999df2af8eb42d56 -> 
========================================================================
Received Import Request.
  Time since last request: 265017.672396 seconds.
  path: Assets/sprites/JohnPablok Cburnett Chess set/PNGs/No shadow/2x/w_king_2x_ns.png
  artifactKey: Guid(5d9c66ca88bb327469f11215ce571fd4) Importer(815301076,1909f56bfc062723c751e8b465ee728b)
Start importing Assets/sprites/JohnPablok Cburnett Chess set/PNGs/No shadow/2x/w_king_2x_ns.png using Guid(5d9c66ca88bb327469f11215ce571fd4) Importer(815301076,1909f56bfc062723c751e8b465ee728b)  -> (artifact id: '043040a914f4295745eb64f1177296bd') in 0.362219 seconds 
========================================================================
Received Import Request.
  Time since last request: 0.000126 seconds.
  path: Assets/sprites/JohnPablok Cburnett Chess set/PNGs/No shadow/512h/w_king_png_512px.png
  artifactKey: Guid(778939de63731864d9d094a9fd938648) Importer(815301076,1909f56bfc062723c751e8b465ee728b)
Start importing Assets/sprites/JohnPablok Cburnett Chess set/PNGs/No shadow/512h/w_king_png_512px.png using Guid(778939de63731864d9d094a9fd938648) Importer(815301076,1909f56bfc062723c751e8b465ee728b)  -> (artifact id: '3a1b58bb39c25d872056b8163e4a683a') in 0.144918 seconds 
========================================================================
Received Import Request.
  Time since last request: 46.000522 seconds.
  path: Assets/sprites/JohnPablok Cburnett Chess set/PNGs/With Shadow/1x/w_bishop_1x.png
  artifactKey: Guid(262139df16e54a343bdaa59498cce911) Importer(815301076,1909f56bfc062723c751e8b465ee728b)
Start importing Assets/sprites/JohnPablok Cburnett Chess set/PNGs/With Shadow/1x/w_bishop_1x.png using Guid(262139df16e54a343bdaa59498cce911) Importer(815301076,1909f56bfc062723c751e8b465ee728b)  -> (artifact id: '68dd4db2184c5f92562e7cfdf5ea1606') in 0.083055 seconds 
========================================================================
Received Import Request.
  Time since last request: 0.000056 seconds.
  path: Assets/sprites/JohnPablok Cburnett Chess set/PNGs/No shadow/256h/w_queen_png_256px.png
  artifactKey: Guid(4188a787cae807748a0a31a76307f9b9) Importer(815301076,1909f56bfc062723c751e8b465ee728b)
Start importing Assets/sprites/JohnPablok Cburnett Chess set/PNGs/No shadow/256h/w_queen_png_256px.png using Guid(4188a787cae807748a0a31a76307f9b9) Importer(815301076,1909f56bfc062723c751e8b465ee728b)  -> (artifact id: '79a537df7a3a1b6faf124cd009849983') in 0.115193 seconds 
========================================================================
Received Import Request.
  Time since last request: 0.000169 seconds.
  path: Assets/sprites/JohnPablok Cburnett Chess set/PNGs/With Shadow/1024px/w_queen_png_shadow_1024px.png
  artifactKey: Guid(2bd18505e97a38347a07662a77892b49) Importer(815301076,1909f56bfc062723c751e8b465ee728b)
Start importing Assets/sprites/JohnPablok Cburnett Chess set/PNGs/With Shadow/1024px/w_queen_png_shadow_1024px.png using Guid(2bd18505e97a38347a07662a77892b49) Importer(815301076,1909f56bfc062723c751e8b465ee728b)  -> (artifact id: 'caf780062a6a368d91cbd2fb71216853') in 0.225803 seconds 
========================================================================
Received Import Request.
  Time since last request: 0.000247 seconds.
  path: Assets/sprites/JohnPablok Cburnett Chess set/PNGs/With Shadow/512px/w_queen_png_shadow_512px.png
  artifactKey: Guid(277da07a24c270648950eb6ee4028b38) Importer(815301076,1909f56bfc062723c751e8b465ee728b)
Start importing Assets/sprites/JohnPablok Cburnett Chess set/PNGs/With Shadow/512px/w_queen_png_shadow_512px.png using Guid(277da07a24c270648950eb6ee4028b38) Importer(815301076,1909f56bfc062723c751e8b465ee728b)  -> (artifact id: '67501d28927b6ad5ddd6b81c690aa430') in 0.138290 seconds 
========================================================================
Received Import Request.
  Time since last request: 0.000131 seconds.
  path: Assets/sprites/JohnPablok Cburnett Chess set/PNGs/No shadow/1x/w_bishop_1x_ns.png
  artifactKey: Guid(7f3a80e2e78179944a0521b3d95f0a7c) Importer(815301076,1909f56bfc062723c751e8b465ee728b)
Start importing Assets/sprites/JohnPablok Cburnett Chess set/PNGs/No shadow/1x/w_bishop_1x_ns.png using Guid(7f3a80e2e78179944a0521b3d95f0a7c) Importer(815301076,1909f56bfc062723c751e8b465ee728b)  -> (artifact id: '34c12eae290928765c1f5f9a0ee26a4b') in 0.095261 seconds 
========================================================================
Received Import Request.
  Time since last request: 0.000096 seconds.
  path: Assets/sprites/JohnPablok Cburnett Chess set/PNGs/With Shadow/128px/w_pawn_png_shadow_128px.png
  artifactKey: Guid(acd6c273cf4d52a4cb4c74373de44911) Importer(815301076,1909f56bfc062723c751e8b465ee728b)
Start importing Assets/sprites/JohnPablok Cburnett Chess set/PNGs/With Shadow/128px/w_pawn_png_shadow_128px.png using Guid(acd6c273cf4d52a4cb4c74373de44911) Importer(815301076,1909f56bfc062723c751e8b465ee728b)  -> (artifact id: '86d82ac55051adeaf37187ca7a8936cb') in 0.073632 seconds 
========================================================================
Received Import Request.
  Time since last request: 0.000175 seconds.
  path: Assets/sprites/JohnPablok Cburnett Chess set/PNGs/With Shadow/128px/w_bishop_png_shadow_128px.png
  artifactKey: Guid(85fdc9dbb933eb240ab9613fb77d7b13) Importer(815301076,1909f56bfc062723c751e8b465ee728b)
Start importing Assets/sprites/JohnPablok Cburnett Chess set/PNGs/With Shadow/128px/w_bishop_png_shadow_128px.png using Guid(85fdc9dbb933eb240ab9613fb77d7b13) Importer(815301076,1909f56bfc062723c751e8b465ee728b)  -> (artifact id: 'cb852e3f2fbd63f2206eda233aa529de') in 0.078240 seconds 
========================================================================
Received Import Request.
  Time since last request: 0.000163 seconds.
  path: Assets/sprites/JohnPablok Cburnett Chess set/PNGs/With Shadow/2x/w_bishop_2x.png
  artifactKey: Guid(d05a04194e2ea7b45ba9caf59d33ca2e) Importer(815301076,1909f56bfc062723c751e8b465ee728b)
Start importing Assets/sprites/JohnPablok Cburnett Chess set/PNGs/With Shadow/2x/w_bishop_2x.png using Guid(d05a04194e2ea7b45ba9caf59d33ca2e) Importer(815301076,1909f56bfc062723c751e8b465ee728b)  -> (artifact id: '0274fc1525aa40c38a5e61d02c836f32') in 0.162628 seconds 
========================================================================
Received Import Request.
  Time since last request: 0.000117 seconds.
  path: Assets/sprites/JohnPablok Cburnett Chess set/PNGs/No shadow/2x/w_queen_2x_ns.png
  artifactKey: Guid(c85437d3b57383c4eba20509a74831fc) Importer(815301076,1909f56bfc062723c751e8b465ee728b)
Start importing Assets/sprites/JohnPablok Cburnett Chess set/PNGs/No shadow/2x/w_queen_2x_ns.png using Guid(c85437d3b57383c4eba20509a74831fc) Importer(815301076,1909f56bfc062723c751e8b465ee728b)  -> (artifact id: '158833b21b21917f221056361b2f36fb') in 0.161932 seconds 
========================================================================
Received Import Request.
  Time since last request: 0.000186 seconds.
  path: Assets/sprites/JohnPablok Cburnett Chess set/PNGs/No shadow/1x/w_knight_1x_ns.png
  artifactKey: Guid(815cb811c1dd0b646929f51178cc337c) Importer(815301076,1909f56bfc062723c751e8b465ee728b)
Start importing Assets/sprites/JohnPablok Cburnett Chess set/PNGs/No shadow/1x/w_knight_1x_ns.png using Guid(815cb811c1dd0b646929f51178cc337c) Importer(815301076,1909f56bfc062723c751e8b465ee728b)  -> (artifact id: '8e80c3ab6e8a663c2dc73cf992a565b0') in 0.104222 seconds 
========================================================================
Received Import Request.
  Time since last request: 0.000076 seconds.
  path: Assets/sprites/JohnPablok Cburnett Chess set/PNGs/With Shadow/512px/w_knight_png_shadow_512px.png
  artifactKey: Guid(ebad7b7afb2e854489212af19b942c58) Importer(815301076,1909f56bfc062723c751e8b465ee728b)
Start importing Assets/sprites/JohnPablok Cburnett Chess set/PNGs/With Shadow/512px/w_knight_png_shadow_512px.png using Guid(ebad7b7afb2e854489212af19b942c58) Importer(815301076,1909f56bfc062723c751e8b465ee728b)  -> (artifact id: '445b4b3b45e45c4bdde7880f91139e9d') in 0.108764 seconds 
========================================================================
Received Import Request.
  Time since last request: 0.000079 seconds.
  path: Assets/sprites/JohnPablok Cburnett Chess set/PNGs/No shadow/2x/w_pawn_2x_ns.png
  artifactKey: Guid(7235d3e624f2dc64b8482bbad110a1dc) Importer(815301076,1909f56bfc062723c751e8b465ee728b)
Start importing Assets/sprites/JohnPablok Cburnett Chess set/PNGs/No shadow/2x/w_pawn_2x_ns.png using Guid(7235d3e624f2dc64b8482bbad110a1dc) Importer(815301076,1909f56bfc062723c751e8b465ee728b)  -> (artifact id: '0589f51cfcaee9c357be167a0443f782') in 0.096379 seconds 
========================================================================
Received Import Request.
  Time since last request: 0.136410 seconds.
  path: Packages/com.unity.probuilder/Content/Icons/Toolbar/Vert_Weld_disabled.png
  artifactKey: Guid(e80a17b3ac06e4a09b213b658fb3a2da) Importer(815301076,1909f56bfc062723c751e8b465ee728b)
Start importing Packages/com.unity.probuilder/Content/Icons/Toolbar/Vert_Weld_disabled.png using Guid(e80a17b3ac06e4a09b213b658fb3a2da) Importer(815301076,1909f56bfc062723c751e8b465ee728b)  -> (artifact id: 'eb7fa3e4b27bf1995af74c29eda0f7dc') in 0.058624 seconds 
========================================================================
Received Import Request.
  Time since last request: 0.000153 seconds.
  path: Packages/com.unity.2d.animation/Editor/Assets/SkinningModule/Icons/Selected/Visibility_Tool@2x.png
  artifactKey: Guid(ef9977ed07c438845a52c577f4ffcc3a) Importer(815301076,1909f56bfc062723c751e8b465ee728b)
Start importing Packages/com.unity.2d.animation/Editor/Assets/SkinningModule/Icons/Selected/Visibility_Tool@2x.png using Guid(ef9977ed07c438845a52c577f4ffcc3a) Importer(815301076,1909f56bfc062723c751e8b465ee728b)  -> (artifact id: '32140c57246be0ff4632b27e76df083a') in 0.074427 seconds 
========================================================================
Received Import Request.
  Time since last request: 0.000121 seconds.
  path: Packages/com.unity.2d.animation/Editor/Assets/SkinningModule/Icons/Light/Visibility_Tool.png
  artifactKey: Guid(1e7c59239d2a59140b34f39ea6d4d44c) Importer(815301076,1909f56bfc062723c751e8b465ee728b)
Start importing Packages/com.unity.2d.animation/Editor/Assets/SkinningModule/Icons/Light/Visibility_Tool.png using Guid(1e7c59239d2a59140b34f39ea6d4d44c) Importer(815301076,1909f56bfc062723c751e8b465ee728b)  -> (artifact id: 'c0a9254b2c34c7329037dbfc7f8652c5') in 0.061173 seconds 
========================================================================
Received Import Request.
  Time since last request: 0.033056 seconds.
  path: Assets/sprites/JohnPablok Cburnett Chess set/PNGs/No shadow/512h/w_rook_png_512px.png
  artifactKey: Guid(e1b370f60cf42024594bf624ee51be45) Importer(815301076,1909f56bfc062723c751e8b465ee728b)
Start importing Assets/sprites/JohnPablok Cburnett Chess set/PNGs/No shadow/512h/w_rook_png_512px.png using Guid(e1b370f60cf42024594bf624ee51be45) Importer(815301076,1909f56bfc062723c751e8b465ee728b)  -> (artifact id: 'ba46646a725c2f76e6ed7a01da3afe72') in 0.092879 seconds 
========================================================================
Received Import Request.
  Time since last request: 0.000142 seconds.
  path: Packages/com.unity.2d.animation/Editor/Assets/SkinningModule/Icons/Light/Weight_Brush@3x.png
  artifactKey: Guid(3279d541bf75c624cbdd7179eb5559a8) Importer(815301076,1909f56bfc062723c751e8b465ee728b)
Start importing Packages/com.unity.2d.animation/Editor/Assets/SkinningModule/Icons/Light/Weight_Brush@3x.png using Guid(3279d541bf75c624cbdd7179eb5559a8) Importer(815301076,1909f56bfc062723c751e8b465ee728b)  -> (artifact id: '37708b972937d47969e244d5980c478d') in 0.087749 seconds 
========================================================================
Received Import Request.
  Time since last request: 0.000069 seconds.
  path: Packages/com.unity.2d.animation/Editor/Assets/SkinningModule/Icons/Selected/Weight_Brush.png
  artifactKey: Guid(bf734b7184825b040837040cb93a8dc7) Importer(815301076,1909f56bfc062723c751e8b465ee728b)
Start importing Packages/com.unity.2d.animation/Editor/Assets/SkinningModule/Icons/Selected/Weight_Brush.png using Guid(bf734b7184825b040837040cb93a8dc7) Importer(815301076,1909f56bfc062723c751e8b465ee728b)  -> (artifact id: '9530288b3cbf6166b5a4b7cd27070ddf') in 0.079716 seconds 
========================================================================
Received Import Request.
  Time since last request: 0.000102 seconds.
  path: Assets/sprites/JohnPablok Cburnett Chess set/PNGs/With Shadow/128px/w_rook_png_shadow_128px.png
  artifactKey: Guid(886acc75a8679f84d8018e1a783e322b) Importer(815301076,1909f56bfc062723c751e8b465ee728b)
Start importing Assets/sprites/JohnPablok Cburnett Chess set/PNGs/With Shadow/128px/w_rook_png_shadow_128px.png using Guid(886acc75a8679f84d8018e1a783e322b) Importer(815301076,1909f56bfc062723c751e8b465ee728b)  -> (artifact id: '3d352ff7a8fe4ab58a6fce0585852303') in 0.084887 seconds 
========================================================================
Received Import Request.
  Time since last request: 0.000081 seconds.
  path: Packages/com.unity.2d.animation/Editor/Assets/SkinningModule/Icons/Selected/Weight_Slider@3x.png
  artifactKey: Guid(af73899d5803d99448134360f184f348) Importer(815301076,1909f56bfc062723c751e8b465ee728b)
Start importing Packages/com.unity.2d.animation/Editor/Assets/SkinningModule/Icons/Selected/Weight_Slider@3x.png using Guid(af73899d5803d99448134360f184f348) Importer(815301076,1909f56bfc062723c751e8b465ee728b)  -> (artifact id: '25a50ee3ac9ec33dc61cb005a02c6166') in 0.080431 seconds 
========================================================================
Received Import Request.
  Time since last request: 0.000080 seconds.
  path: Packages/com.unity.2d.animation/Editor/Assets/SkinningModule/Icons/Selected/Weight_Slider@2x.png
  artifactKey: Guid(7f64a6e091143c0458506b559165cf72) Importer(815301076,1909f56bfc062723c751e8b465ee728b)
Start importing Packages/com.unity.2d.animation/Editor/Assets/SkinningModule/Icons/Selected/Weight_Slider@2x.png using Guid(7f64a6e091143c0458506b559165cf72) Importer(815301076,1909f56bfc062723c751e8b465ee728b)  -> (artifact id: 'c79a64cf2578da5735a044080c0dfbd0') in 0.070315 seconds 
Editor requested this worker to shutdown with reason: Scaling down because of idle timeout
AssetImportWorker is now disconnected from the server
Process exiting
Exiting without the bug reporter. Application will terminate with return code 0