Using pre-set license
Built from '2021.3/staging' branch; Version is '2021.3.14f1 (eee1884e7226) revision 15655304'; Using compiler version '192829333'; Build Type 'Release'
OS: 'Windows 10  (10.0.19045) 64bit CoreSingleLanguage' Language: 'en' Physical Memory: 7583 MB
BatchMode: 1, IsHumanControllingUs: 0, StartBugReporterOnCrash: 0, Is64bit: 1, IsPro: 1

COMMAND LINE ARGUMENTS:
C:\Program Files\Unity\Hub\Editor\2021.3.14f1\Editor\Unity.exe
-adb2
-batchMode
-noUpm
-name
AssetImportWorker3
-projectPath
C:/Users/yuvra/Desktop/Learnings/unity/2d/Chess2d
-logFile
Logs/AssetImportWorker3.log
-srvPort
61518
Successfully changed project path to: C:/Users/yuvra/Desktop/Learnings/unity/2d/Chess2d
C:/Users/yuvra/Desktop/Learnings/unity/2d/Chess2d
[UnityMemory] Configuration Parameters - Can be set up in boot.config
    "memorysetup-bucket-allocator-granularity=16"
    "memorysetup-bucket-allocator-bucket-count=8"
    "memorysetup-bucket-allocator-block-size=33554432"
    "memorysetup-bucket-allocator-block-count=8"
    "memorysetup-main-allocator-block-size=16777216"
    "memorysetup-thread-allocator-block-size=16777216"
    "memorysetup-gfx-main-allocator-block-size=16777216"
    "memorysetup-gfx-thread-allocator-block-size=16777216"
    "memorysetup-cache-allocator-block-size=4194304"
    "memorysetup-typetree-allocator-block-size=2097152"
    "memorysetup-profiler-bucket-allocator-granularity=16"
    "memorysetup-profiler-bucket-allocator-bucket-count=8"
    "memorysetup-profiler-bucket-allocator-block-size=33554432"
    "memorysetup-profiler-bucket-allocator-block-count=8"
    "memorysetup-profiler-allocator-block-size=16777216"
    "memorysetup-profiler-editor-allocator-block-size=1048576"
    "memorysetup-temp-allocator-size-main=16777216"
    "memorysetup-job-temp-allocator-block-size=2097152"
    "memorysetup-job-temp-allocator-block-size-background=1048576"
    "memorysetup-job-temp-allocator-reduction-small-platforms=262144"
    "memorysetup-temp-allocator-size-background-worker=32768"
    "memorysetup-temp-allocator-size-job-worker=262144"
    "memorysetup-temp-allocator-size-preload-manager=33554432"
    "memorysetup-temp-allocator-size-nav-mesh-worker=65536"
    "memorysetup-temp-allocator-size-audio-worker=65536"
    "memorysetup-temp-allocator-size-cloud-worker=32768"
    "memorysetup-temp-allocator-size-gi-baking-worker=262144"
    "memorysetup-temp-allocator-size-gfx=262144"
Refreshing native plugins compatible for Editor in 249.12 ms, found 4 plugins.
Preloading 0 native plugins for Editor in 0.00 ms.
Initialize engine version: 2021.3.14f1 (eee1884e7226)
[Subsystems] Discovering subsystems at path C:/Program Files/Unity/Hub/Editor/2021.3.14f1/Editor/Data/Resources/UnitySubsystems
[Subsystems] Discovering subsystems at path C:/Users/yuvra/Desktop/Learnings/unity/2d/Chess2d/Assets
GfxDevice: creating device client; threaded=0; jobified=0
Direct3D:
    Version:  Direct3D 11.0 [level 11.1]
    Renderer: NVIDIA GeForce GTX 1650 (ID=0x1f9d)
    Vendor:   NVIDIA
    VRAM:     3949 MB
    Driver:   31.0.15.3168
Initialize mono
Mono path[0] = 'C:/Program Files/Unity/Hub/Editor/2021.3.14f1/Editor/Data/Managed'
Mono path[1] = 'C:/Program Files/Unity/Hub/Editor/2021.3.14f1/Editor/Data/MonoBleedingEdge/lib/mono/unityjit-win32'
Mono config path = 'C:/Program Files/Unity/Hub/Editor/2021.3.14f1/Editor/Data/MonoBleedingEdge/etc'
Using monoOptions --debugger-agent=transport=dt_socket,embedding=1,server=y,suspend=n,address=127.0.0.1:56200
Begin MonoManager ReloadAssembly
Registering precompiled unity dll's ...
Register platform support module: C:/Program Files/Unity/Hub/Editor/2021.3.14f1/Editor/Data/PlaybackEngines/WebGLSupport/UnityEditor.WebGL.Extensions.dll
Register platform support module: C:/Program Files/Unity/Hub/Editor/2021.3.14f1/Editor/Data/PlaybackEngines/AndroidPlayer/UnityEditor.Android.Extensions.dll
Register platform support module: C:/Program Files/Unity/Hub/Editor/2021.3.14f1/Editor/Data/PlaybackEngines/WindowsStandaloneSupport/UnityEditor.WindowsStandalone.Extensions.dll
Registered in 0.018604 seconds.
Native extension for WindowsStandalone target not found
Native extension for Android target not found
Native extension for WebGL target not found
Refreshing native plugins compatible for Editor in 168.38 ms, found 4 plugins.
Preloading 0 native plugins for Editor in 0.00 ms.
Mono: successfully reloaded assembly
- Completed reload, in  1.531 seconds
Domain Reload Profiling:
	ReloadAssembly (1531ms)
		BeginReloadAssembly (168ms)
			ExecutionOrderSort (0ms)
			DisableScriptedObjects (0ms)
			BackupInstance (0ms)
			ReleaseScriptingObjects (0ms)
			CreateAndSetChildDomain (1ms)
		EndReloadAssembly (1003ms)
			LoadAssemblies (163ms)
			RebuildTransferFunctionScriptingTraits (0ms)
			SetupTypeCache (396ms)
			ReleaseScriptCaches (0ms)
			RebuildScriptCaches (36ms)
			SetupLoadedEditorAssemblies (493ms)
				LogAssemblyErrors (0ms)
				InitializePlatformSupportModulesInManaged (96ms)
				SetLoadedEditorAssemblies (0ms)
				RefreshPlugins (168ms)
				BeforeProcessingInitializeOnLoad (2ms)
				ProcessInitializeOnLoadAttributes (148ms)
				ProcessInitializeOnLoadMethodAttributes (77ms)
				AfterProcessingInitializeOnLoad (0ms)
				EditorAssembliesLoaded (0ms)
			ExecutionOrderSort2 (0ms)
			AwakeInstancesAfterBackupRestoration (0ms)
Platform modules already initialized, skipping
Registering precompiled user dll's ...
Registered in 0.013808 seconds.
Android Extension - Scanning For ADB Devices 5060 ms
Begin MonoManager ReloadAssembly
Symbol file LoadedFromMemory doesn't match image C:\Users\yuvra\Desktop\Learnings\unity\2d\Chess2d\Library\PackageCache\com.unity.visualscripting@1.7.8\Editor\VisualScripting.Core\Dependencies\YamlDotNet\Unity.VisualScripting.YamlDotNet.dll
Symbol file LoadedFromMemory doesn't match image C:\Users\yuvra\Desktop\Learnings\unity\2d\Chess2d\Library\PackageCache\com.unity.visualscripting@1.7.8\Editor\VisualScripting.Core\Dependencies\DotNetZip\Unity.VisualScripting.IonicZip.dll
Native extension for WindowsStandalone target not found
Native extension for Android target not found
Native extension for WebGL target not found
Refreshing native plugins compatible for Editor in 173.44 ms, found 4 plugins.
Preloading 0 native plugins for Editor in 0.00 ms.
Mono: successfully reloaded assembly
- Completed reload, in  2.223 seconds
Domain Reload Profiling:
	ReloadAssembly (2224ms)
		BeginReloadAssembly (169ms)
			ExecutionOrderSort (0ms)
			DisableScriptedObjects (10ms)
			BackupInstance (0ms)
			ReleaseScriptingObjects (0ms)
			CreateAndSetChildDomain (25ms)
		EndReloadAssembly (1869ms)
			LoadAssemblies (245ms)
			RebuildTransferFunctionScriptingTraits (0ms)
			SetupTypeCache (404ms)
			ReleaseScriptCaches (1ms)
			RebuildScriptCaches (93ms)
			SetupLoadedEditorAssemblies (1064ms)
				LogAssemblyErrors (0ms)
				InitializePlatformSupportModulesInManaged (22ms)
				SetLoadedEditorAssemblies (0ms)
				RefreshPlugins (174ms)
				BeforeProcessingInitializeOnLoad (213ms)
				ProcessInitializeOnLoadAttributes (484ms)
				ProcessInitializeOnLoadMethodAttributes (158ms)
				AfterProcessingInitializeOnLoad (14ms)
				EditorAssembliesLoaded (0ms)
			ExecutionOrderSort2 (0ms)
			AwakeInstancesAfterBackupRestoration (9ms)
Platform modules already initialized, skipping
========================================================================
Worker process is ready to serve import requests
Launched and connected shader compiler UnityShaderCompiler.exe after 0.07 seconds
Refreshing native plugins compatible for Editor in 3.15 ms, found 4 plugins.
Preloading 0 native plugins for Editor in 0.00 ms.
Unloading 5506 Unused Serialized files (Serialized files now loaded: 0)
Unloading 58 unused Assets / (1.3 MB). Loaded Objects now: 5943.
Memory consumption went from 214.2 MB to 213.0 MB.
Total: 11.475000 ms (FindLiveObjects: 1.609400 ms CreateObjectMapping: 0.847400 ms MarkObjects: 7.830900 ms  DeleteObjects: 1.184500 ms)

AssetImportParameters requested are different than current active one (requested -> active):
  custom:video-decoder-ogg-theora: a1e56fd34408186e4bbccfd4996cb3dc -> 
  custom:container-muxer-webm: aa71ff27fc2769a1b78a27578f13a17b -> 
  custom:container-demuxer-webm: 4f35f7cbe854078d1ac9338744f61a02 -> 
  custom:video-encoder-webm-vp8: eb34c28f22e8b96e1ab97ce403110664 -> 
  custom:video-codec-MediaFoundation-h265: 746d11721c4dcdbdad8f713fa42b33f4 -> 
  custom:audio-encoder-webm-vorbis: bf7c407c2cedff20999df2af8eb42d56 -> 
  custom:framework-win-MediaFoundation: 216162199b28c13a410421893ffa2e32 -> 
  custom:container-demuxer-ogg: 62fdf1f143b41e24485cea50d1cbac27 -> 
  custom:video-decoder-webm-vp8: 9c59270c3fd7afecdb556c50c9e8de78 -> 
  custom:audio-decoder-ogg-vorbis: bf7c407c2cedff20999df2af8eb42d56 -> 
========================================================================
Received Import Request.
  Time since last request: 173851.285231 seconds.
  path: Assets/sprites/JohnPablok Cburnett Chess set/PNGs/No shadow/1024h/b_pawn_png_1024px.png
  artifactKey: Guid(38aeedf7f52e9ca49a4d482bb263c944) Importer(815301076,1909f56bfc062723c751e8b465ee728b)
Start importing Assets/sprites/JohnPablok Cburnett Chess set/PNGs/No shadow/1024h/b_pawn_png_1024px.png using Guid(38aeedf7f52e9ca49a4d482bb263c944) Importer(815301076,1909f56bfc062723c751e8b465ee728b)  -> (artifact id: 'cb6fb18c939358b3e0912db7cb05814a') in 0.392810 seconds 
========================================================================
Received Import Request.
  Time since last request: 0.000092 seconds.
  path: Assets/sprites/JohnPablok Cburnett Chess set/PNGs/No shadow/1024h/w_bishop_png_1024px.png
  artifactKey: Guid(0fc644f5f9426ce4fa3f5958de9c657a) Importer(815301076,1909f56bfc062723c751e8b465ee728b)
Start importing Assets/sprites/JohnPablok Cburnett Chess set/PNGs/No shadow/1024h/w_bishop_png_1024px.png using Guid(0fc644f5f9426ce4fa3f5958de9c657a) Importer(815301076,1909f56bfc062723c751e8b465ee728b)  -> (artifact id: '8dc60f4676750fd1a41ccdff5a0c2a58') in 0.171321 seconds 
========================================================================
Received Import Request.
  Time since last request: 0.000038 seconds.
  path: Assets/sprites/JohnPablok Cburnett Chess set/PNGs/No shadow/1024h/square brown light_png_1024px.png
  artifactKey: Guid(bdbd4bdc7e52de440bedb245eacc439c) Importer(815301076,1909f56bfc062723c751e8b465ee728b)
Start importing Assets/sprites/JohnPablok Cburnett Chess set/PNGs/No shadow/1024h/square brown light_png_1024px.png using Guid(bdbd4bdc7e52de440bedb245eacc439c) Importer(815301076,1909f56bfc062723c751e8b465ee728b)  -> (artifact id: '8e9a2ebf3884b78fd60e506d8d2aa333') in 0.145894 seconds 
========================================================================
Received Prepare
Registering precompiled user dll's ...
Registered in 0.010339 seconds.
Begin MonoManager ReloadAssembly
Symbol file LoadedFromMemory doesn't match image C:\Users\yuvra\Desktop\Learnings\unity\2d\Chess2d\Library\PackageCache\com.unity.visualscripting@1.7.8\Editor\VisualScripting.Core\Dependencies\YamlDotNet\Unity.VisualScripting.YamlDotNet.dll
Symbol file LoadedFromMemory doesn't match image C:\Users\yuvra\Desktop\Learnings\unity\2d\Chess2d\Library\PackageCache\com.unity.visualscripting@1.7.8\Editor\VisualScripting.Core\Dependencies\DotNetZip\Unity.VisualScripting.IonicZip.dll
Native extension for WindowsStandalone target not found
Native extension for Android target not found
Native extension for WebGL target not found
Refreshing native plugins compatible for Editor in 2.03 ms, found 4 plugins.
Preloading 0 native plugins for Editor in 0.00 ms.
Mono: successfully reloaded assembly
- Completed reload, in  2.752 seconds
Domain Reload Profiling:
	ReloadAssembly (2756ms)
		BeginReloadAssembly (883ms)
			ExecutionOrderSort (0ms)
			DisableScriptedObjects (85ms)
			BackupInstance (0ms)
			ReleaseScriptingObjects (0ms)
			CreateAndSetChildDomain (533ms)
		EndReloadAssembly (1698ms)
			LoadAssemblies (432ms)
			RebuildTransferFunctionScriptingTraits (0ms)
			SetupTypeCache (429ms)
			ReleaseScriptCaches (2ms)
			RebuildScriptCaches (70ms)
			SetupLoadedEditorAssemblies (726ms)
				LogAssemblyErrors (0ms)
				InitializePlatformSupportModulesInManaged (38ms)
				SetLoadedEditorAssemblies (2ms)
				RefreshPlugins (2ms)
				BeforeProcessingInitializeOnLoad (162ms)
				ProcessInitializeOnLoadAttributes (373ms)
				ProcessInitializeOnLoadMethodAttributes (133ms)
				AfterProcessingInitializeOnLoad (16ms)
				EditorAssembliesLoaded (0ms)
			ExecutionOrderSort2 (0ms)
			AwakeInstancesAfterBackupRestoration (14ms)
Platform modules already initialized, skipping
Refreshing native plugins compatible for Editor in 7.93 ms, found 4 plugins.
Preloading 0 native plugins for Editor in 0.00 ms.
Unloading 5777 Unused Serialized files (Serialized files now loaded: 0)
Unloading 65 unused Assets / (3.2 MB). Loaded Objects now: 6331.
Memory consumption went from 226.4 MB to 223.2 MB.
Total: 21.172000 ms (FindLiveObjects: 0.575500 ms CreateObjectMapping: 2.290300 ms MarkObjects: 15.970400 ms  DeleteObjects: 2.332700 ms)

AssetImportParameters requested are different than current active one (requested -> active):
  custom:video-decoder-ogg-theora: a1e56fd34408186e4bbccfd4996cb3dc -> 
  custom:container-muxer-webm: aa71ff27fc2769a1b78a27578f13a17b -> 
  custom:container-demuxer-webm: 4f35f7cbe854078d1ac9338744f61a02 -> 
  custom:video-encoder-webm-vp8: eb34c28f22e8b96e1ab97ce403110664 -> 
  custom:video-codec-MediaFoundation-h265: 746d11721c4dcdbdad8f713fa42b33f4 -> 
  custom:audio-encoder-webm-vorbis: bf7c407c2cedff20999df2af8eb42d56 -> 
  custom:framework-win-MediaFoundation: 216162199b28c13a410421893ffa2e32 -> 
  custom:container-demuxer-ogg: 62fdf1f143b41e24485cea50d1cbac27 -> 
  custom:video-decoder-webm-vp8: 9c59270c3fd7afecdb556c50c9e8de78 -> 
  custom:audio-decoder-ogg-vorbis: bf7c407c2cedff20999df2af8eb42d56 -> 
========================================================================
Received Import Request.
  Time since last request: 57643.355236 seconds.
  path: Assets/sprites/JohnPablok Cburnett Chess set/example pieces only.png
  artifactKey: Guid(dd31ccfbbc8209340a6ad1924ddfc5c9) Importer(815301076,1909f56bfc062723c751e8b465ee728b)
Start importing Assets/sprites/JohnPablok Cburnett Chess set/example pieces only.png using Guid(dd31ccfbbc8209340a6ad1924ddfc5c9) Importer(815301076,1909f56bfc062723c751e8b465ee728b)  -> (artifact id: '6da6c19cb722534705ee256c74dba37b') in 0.259612 seconds 
========================================================================
Received Import Request.
  Time since last request: 15.170803 seconds.
  path: Assets/sprites/bishop1.png
  artifactKey: Guid(a7ce63cf458754d448c4261d69057b32) Importer(815301076,1909f56bfc062723c751e8b465ee728b)
Start importing Assets/sprites/bishop1.png using Guid(a7ce63cf458754d448c4261d69057b32) Importer(815301076,1909f56bfc062723c751e8b465ee728b)  -> (artifact id: 'ef7fc8b6dfbe48d0dc84c69d085c1b00') in 0.030631 seconds 
========================================================================
Received Import Request.
  Time since last request: 0.005049 seconds.
  path: Assets/sprites/king.png
  artifactKey: Guid(acea7921b42848a46897065458487345) Importer(815301076,1909f56bfc062723c751e8b465ee728b)
Start importing Assets/sprites/king.png using Guid(acea7921b42848a46897065458487345) Importer(815301076,1909f56bfc062723c751e8b465ee728b)  -> (artifact id: '76d2de6bb0f11173a9a6f0440664a6d0') in 0.030589 seconds 
========================================================================
Received Import Request.
  Time since last request: 0.000052 seconds.
  path: Assets/sprites/rook.png
  artifactKey: Guid(3682e4787ccb93843bc5da4255105da4) Importer(815301076,1909f56bfc062723c751e8b465ee728b)
Start importing Assets/sprites/rook.png using Guid(3682e4787ccb93843bc5da4255105da4) Importer(815301076,1909f56bfc062723c751e8b465ee728b)  -> (artifact id: 'a4656fbaca08649572fd7859fd6e6355') in 0.036684 seconds 
========================================================================
Received Import Request.
  Time since last request: 0.000076 seconds.
  path: Assets/sprites/rook1.png
  artifactKey: Guid(0ca302cbab39b7546b63bc9960c5034c) Importer(815301076,1909f56bfc062723c751e8b465ee728b)
Start importing Assets/sprites/rook1.png using Guid(0ca302cbab39b7546b63bc9960c5034c) Importer(815301076,1909f56bfc062723c751e8b465ee728b)  -> (artifact id: 'df18c9bca6370720264891f9e3062b27') in 0.029640 seconds 
========================================================================
Received Import Request.
  Time since last request: 0.000098 seconds.
  path: Assets/sprites/knight.png
  artifactKey: Guid(4819935ac0859b44693a6b6604237c41) Importer(815301076,1909f56bfc062723c751e8b465ee728b)
Start importing Assets/sprites/knight.png using Guid(4819935ac0859b44693a6b6604237c41) Importer(815301076,1909f56bfc062723c751e8b465ee728b)  -> (artifact id: 'fa7e5b5f291907f1d68a91b7476c1434') in 0.036612 seconds 
========================================================================
Received Import Request.
  Time since last request: 0.000101 seconds.
  path: Assets/sprites/pawn1.png
  artifactKey: Guid(20dd91376497f9d4590e287052dfe34b) Importer(815301076,1909f56bfc062723c751e8b465ee728b)
Start importing Assets/sprites/pawn1.png using Guid(20dd91376497f9d4590e287052dfe34b) Importer(815301076,1909f56bfc062723c751e8b465ee728b)  -> (artifact id: '21844ef566a994490992b69fd9ca7b7a') in 0.034169 seconds 
Editor requested this worker to shutdown with reason: Scaling down because of idle timeout
AssetImportWorker is now disconnected from the server
Process exiting
Exiting without the bug reporter. Application will terminate with return code 0