Using pre-set license
Built from '2021.3/staging' branch; Version is '2021.3.14f1 (eee1884e7226) revision 15655304'; Using compiler version '192829333'; Build Type 'Release'
OS: 'Windows 10  (10.0.19045) 64bit CoreSingleLanguage' Language: 'en' Physical Memory: 7583 MB
BatchMode: 1, IsHumanControllingUs: 0, StartBugReporterOnCrash: 0, Is64bit: 1, IsPro: 1

COMMAND LINE ARGUMENTS:
C:\Program Files\Unity\Hub\Editor\2021.3.14f1\Editor\Unity.exe
-adb2
-batchMode
-noUpm
-name
AssetImportWorker0
-projectPath
C:/Users/yuvra/Desktop/Learnings/unity/2d/Chess2d
-logFile
Logs/AssetImportWorker0.log
-srvPort
61518
Successfully changed project path to: C:/Users/yuvra/Desktop/Learnings/unity/2d/Chess2d
C:/Users/yuvra/Desktop/Learnings/unity/2d/Chess2d
[UnityMemory] Configuration Parameters - Can be set up in boot.config
    "memorysetup-bucket-allocator-granularity=16"
    "memorysetup-bucket-allocator-bucket-count=8"
    "memorysetup-bucket-allocator-block-size=33554432"
    "memorysetup-bucket-allocator-block-count=8"
    "memorysetup-main-allocator-block-size=16777216"
    "memorysetup-thread-allocator-block-size=16777216"
    "memorysetup-gfx-main-allocator-block-size=16777216"
    "memorysetup-gfx-thread-allocator-block-size=16777216"
    "memorysetup-cache-allocator-block-size=4194304"
    "memorysetup-typetree-allocator-block-size=2097152"
    "memorysetup-profiler-bucket-allocator-granularity=16"
    "memorysetup-profiler-bucket-allocator-bucket-count=8"
    "memorysetup-profiler-bucket-allocator-block-size=33554432"
    "memorysetup-profiler-bucket-allocator-block-count=8"
    "memorysetup-profiler-allocator-block-size=16777216"
    "memorysetup-profiler-editor-allocator-block-size=1048576"
    "memorysetup-temp-allocator-size-main=16777216"
    "memorysetup-job-temp-allocator-block-size=2097152"
    "memorysetup-job-temp-allocator-block-size-background=1048576"
    "memorysetup-job-temp-allocator-reduction-small-platforms=262144"
    "memorysetup-temp-allocator-size-background-worker=32768"
    "memorysetup-temp-allocator-size-job-worker=262144"
    "memorysetup-temp-allocator-size-preload-manager=33554432"
    "memorysetup-temp-allocator-size-nav-mesh-worker=65536"
    "memorysetup-temp-allocator-size-audio-worker=65536"
    "memorysetup-temp-allocator-size-cloud-worker=32768"
    "memorysetup-temp-allocator-size-gi-baking-worker=262144"
    "memorysetup-temp-allocator-size-gfx=262144"
Refreshing native plugins compatible for Editor in 131.01 ms, found 4 plugins.
Preloading 0 native plugins for Editor in 0.00 ms.
Initialize engine version: 2021.3.14f1 (eee1884e7226)
[Subsystems] Discovering subsystems at path C:/Program Files/Unity/Hub/Editor/2021.3.14f1/Editor/Data/Resources/UnitySubsystems
[Subsystems] Discovering subsystems at path C:/Users/yuvra/Desktop/Learnings/unity/2d/Chess2d/Assets
GfxDevice: creating device client; threaded=0; jobified=0
Direct3D:
    Version:  Direct3D 11.0 [level 11.1]
    Renderer: NVIDIA GeForce GTX 1650 (ID=0x1f9d)
    Vendor:   NVIDIA
    VRAM:     3949 MB
    Driver:   31.0.15.3168
Initialize mono
Mono path[0] = 'C:/Program Files/Unity/Hub/Editor/2021.3.14f1/Editor/Data/Managed'
Mono path[1] = 'C:/Program Files/Unity/Hub/Editor/2021.3.14f1/Editor/Data/MonoBleedingEdge/lib/mono/unityjit-win32'
Mono config path = 'C:/Program Files/Unity/Hub/Editor/2021.3.14f1/Editor/Data/MonoBleedingEdge/etc'
Using monoOptions --debugger-agent=transport=dt_socket,embedding=1,server=y,suspend=n,address=127.0.0.1:56556
Begin MonoManager ReloadAssembly
Registering precompiled unity dll's ...
Register platform support module: C:/Program Files/Unity/Hub/Editor/2021.3.14f1/Editor/Data/PlaybackEngines/WebGLSupport/UnityEditor.WebGL.Extensions.dll
Register platform support module: C:/Program Files/Unity/Hub/Editor/2021.3.14f1/Editor/Data/PlaybackEngines/AndroidPlayer/UnityEditor.Android.Extensions.dll
Register platform support module: C:/Program Files/Unity/Hub/Editor/2021.3.14f1/Editor/Data/PlaybackEngines/WindowsStandaloneSupport/UnityEditor.WindowsStandalone.Extensions.dll
Registered in 0.016261 seconds.
Native extension for WindowsStandalone target not found
Native extension for Android target not found
Native extension for WebGL target not found
Refreshing native plugins compatible for Editor in 136.91 ms, found 4 plugins.
Preloading 0 native plugins for Editor in 0.00 ms.
Mono: successfully reloaded assembly
- Completed reload, in  0.932 seconds
Domain Reload Profiling:
	ReloadAssembly (933ms)
		BeginReloadAssembly (151ms)
			ExecutionOrderSort (0ms)
			DisableScriptedObjects (0ms)
			BackupInstance (0ms)
			ReleaseScriptingObjects (0ms)
			CreateAndSetChildDomain (2ms)
		EndReloadAssembly (637ms)
			LoadAssemblies (148ms)
			RebuildTransferFunctionScriptingTraits (1ms)
			SetupTypeCache (122ms)
			ReleaseScriptCaches (0ms)
			RebuildScriptCaches (32ms)
			SetupLoadedEditorAssemblies (411ms)
				LogAssemblyErrors (0ms)
				InitializePlatformSupportModulesInManaged (84ms)
				SetLoadedEditorAssemblies (0ms)
				RefreshPlugins (137ms)
				BeforeProcessingInitializeOnLoad (2ms)
				ProcessInitializeOnLoadAttributes (130ms)
				ProcessInitializeOnLoadMethodAttributes (57ms)
				AfterProcessingInitializeOnLoad (0ms)
				EditorAssembliesLoaded (0ms)
			ExecutionOrderSort2 (0ms)
			AwakeInstancesAfterBackupRestoration (0ms)
Platform modules already initialized, skipping
Registering precompiled user dll's ...
Registered in 0.011021 seconds.
Android Extension - Scanning For ADB Devices 4773 ms
Begin MonoManager ReloadAssembly
Symbol file LoadedFromMemory doesn't match image C:\Users\yuvra\Desktop\Learnings\unity\2d\Chess2d\Library\PackageCache\com.unity.visualscripting@1.7.8\Editor\VisualScripting.Core\Dependencies\YamlDotNet\Unity.VisualScripting.YamlDotNet.dll
Symbol file LoadedFromMemory doesn't match image C:\Users\yuvra\Desktop\Learnings\unity\2d\Chess2d\Library\PackageCache\com.unity.visualscripting@1.7.8\Editor\VisualScripting.Core\Dependencies\DotNetZip\Unity.VisualScripting.IonicZip.dll
Native extension for WindowsStandalone target not found
Native extension for Android target not found
Native extension for WebGL target not found
Refreshing native plugins compatible for Editor in 138.80 ms, found 4 plugins.
Preloading 0 native plugins for Editor in 0.00 ms.
Mono: successfully reloaded assembly
- Completed reload, in  2.027 seconds
Domain Reload Profiling:
	ReloadAssembly (2028ms)
		BeginReloadAssembly (191ms)
			ExecutionOrderSort (0ms)
			DisableScriptedObjects (6ms)
			BackupInstance (0ms)
			ReleaseScriptingObjects (0ms)
			CreateAndSetChildDomain (33ms)
		EndReloadAssembly (1693ms)
			LoadAssemblies (271ms)
			RebuildTransferFunctionScriptingTraits (2ms)
			SetupTypeCache (502ms)
			ReleaseScriptCaches (2ms)
			RebuildScriptCaches (83ms)
			SetupLoadedEditorAssemblies (798ms)
				LogAssemblyErrors (0ms)
				InitializePlatformSupportModulesInManaged (26ms)
				SetLoadedEditorAssemblies (0ms)
				RefreshPlugins (139ms)
				BeforeProcessingInitializeOnLoad (174ms)
				ProcessInitializeOnLoadAttributes (320ms)
				ProcessInitializeOnLoadMethodAttributes (127ms)
				AfterProcessingInitializeOnLoad (11ms)
				EditorAssembliesLoaded (0ms)
			ExecutionOrderSort2 (0ms)
			AwakeInstancesAfterBackupRestoration (8ms)
Platform modules already initialized, skipping
========================================================================
Worker process is ready to serve import requests
Launched and connected shader compiler UnityShaderCompiler.exe after 0.06 seconds
Refreshing native plugins compatible for Editor in 2.50 ms, found 4 plugins.
Preloading 0 native plugins for Editor in 0.00 ms.
Unloading 5506 Unused Serialized files (Serialized files now loaded: 0)
Unloading 58 unused Assets / (1.2 MB). Loaded Objects now: 5943.
Memory consumption went from 214.3 MB to 213.1 MB.
Total: 6.391500 ms (FindLiveObjects: 1.250900 ms CreateObjectMapping: 0.285100 ms MarkObjects: 4.260700 ms  DeleteObjects: 0.591000 ms)

AssetImportParameters requested are different than current active one (requested -> active):
  custom:video-decoder-ogg-theora: a1e56fd34408186e4bbccfd4996cb3dc -> 
  custom:container-muxer-webm: aa71ff27fc2769a1b78a27578f13a17b -> 
  custom:container-demuxer-webm: 4f35f7cbe854078d1ac9338744f61a02 -> 
  custom:video-encoder-webm-vp8: eb34c28f22e8b96e1ab97ce403110664 -> 
  custom:video-codec-MediaFoundation-h265: 746d11721c4dcdbdad8f713fa42b33f4 -> 
  custom:audio-encoder-webm-vorbis: bf7c407c2cedff20999df2af8eb42d56 -> 
  custom:framework-win-MediaFoundation: 216162199b28c13a410421893ffa2e32 -> 
  custom:container-demuxer-ogg: 62fdf1f143b41e24485cea50d1cbac27 -> 
  custom:video-decoder-webm-vp8: 9c59270c3fd7afecdb556c50c9e8de78 -> 
  custom:audio-decoder-ogg-vorbis: bf7c407c2cedff20999df2af8eb42d56 -> 
========================================================================
Received Import Request.
  Time since last request: 172476.271891 seconds.
  path: Assets/UniversalRenderPipelineGlobalSettings.asset
  artifactKey: Guid(bc8c39089328b3f40b137df6dccbcc11) Importer(815301076,1909f56bfc062723c751e8b465ee728b)
Start importing Assets/UniversalRenderPipelineGlobalSettings.asset using Guid(bc8c39089328b3f40b137df6dccbcc11) Importer(815301076,1909f56bfc062723c751e8b465ee728b)  -> (artifact id: '4f0422c78c6bca8c4ceeab6be881a5a6') in 0.094068 seconds 
========================================================================
Received Prepare
Refreshing native plugins compatible for Editor in 875.15 ms, found 4 plugins.
Preloading 0 native plugins for Editor in 0.00 ms.
Unloading 45 Unused Serialized files (Serialized files now loaded: 0)
Unloading 45 unused Assets / (1.2 MB). Loaded Objects now: 5944.
Memory consumption went from 97.5 MB to 96.3 MB.
Total: 9.764600 ms (FindLiveObjects: 0.708600 ms CreateObjectMapping: 0.251600 ms MarkObjects: 7.488000 ms  DeleteObjects: 1.314000 ms)

AssetImportParameters requested are different than current active one (requested -> active):
  custom:video-decoder-ogg-theora: a1e56fd34408186e4bbccfd4996cb3dc -> 
  custom:container-muxer-webm: aa71ff27fc2769a1b78a27578f13a17b -> 
  custom:container-demuxer-webm: 4f35f7cbe854078d1ac9338744f61a02 -> 
  custom:video-encoder-webm-vp8: eb34c28f22e8b96e1ab97ce403110664 -> 
  custom:video-codec-MediaFoundation-h265: 746d11721c4dcdbdad8f713fa42b33f4 -> 
  custom:audio-encoder-webm-vorbis: bf7c407c2cedff20999df2af8eb42d56 -> 
  custom:framework-win-MediaFoundation: 216162199b28c13a410421893ffa2e32 -> 
  custom:container-demuxer-ogg: 62fdf1f143b41e24485cea50d1cbac27 -> 
  custom:video-decoder-webm-vp8: 9c59270c3fd7afecdb556c50c9e8de78 -> 
  custom:audio-decoder-ogg-vorbis: bf7c407c2cedff20999df2af8eb42d56 -> 
========================================================================
Received Prepare
Refreshing native plugins compatible for Editor in 8.61 ms, found 4 plugins.
Preloading 0 native plugins for Editor in 0.00 ms.
Unloading 45 Unused Serialized files (Serialized files now loaded: 0)
Unloading 45 unused Assets / (1.2 MB). Loaded Objects now: 5944.
Memory consumption went from 97.5 MB to 96.3 MB.
Total: 6.915400 ms (FindLiveObjects: 0.590700 ms CreateObjectMapping: 0.459600 ms MarkObjects: 5.189500 ms  DeleteObjects: 0.674800 ms)

AssetImportParameters requested are different than current active one (requested -> active):
  custom:video-decoder-ogg-theora: a1e56fd34408186e4bbccfd4996cb3dc -> 
  custom:container-muxer-webm: aa71ff27fc2769a1b78a27578f13a17b -> 
  custom:container-demuxer-webm: 4f35f7cbe854078d1ac9338744f61a02 -> 
  custom:video-encoder-webm-vp8: eb34c28f22e8b96e1ab97ce403110664 -> 
  custom:video-codec-MediaFoundation-h265: 746d11721c4dcdbdad8f713fa42b33f4 -> 
  custom:audio-encoder-webm-vorbis: bf7c407c2cedff20999df2af8eb42d56 -> 
  custom:framework-win-MediaFoundation: 216162199b28c13a410421893ffa2e32 -> 
  custom:container-demuxer-ogg: 62fdf1f143b41e24485cea50d1cbac27 -> 
  custom:video-decoder-webm-vp8: 9c59270c3fd7afecdb556c50c9e8de78 -> 
  custom:audio-decoder-ogg-vorbis: bf7c407c2cedff20999df2af8eb42d56 -> 
========================================================================
Received Prepare
Registering precompiled user dll's ...
Registered in 0.019226 seconds.
Begin MonoManager ReloadAssembly
Symbol file LoadedFromMemory doesn't match image C:\Users\yuvra\Desktop\Learnings\unity\2d\Chess2d\Library\PackageCache\com.unity.visualscripting@1.7.8\Editor\VisualScripting.Core\Dependencies\YamlDotNet\Unity.VisualScripting.YamlDotNet.dll
Symbol file LoadedFromMemory doesn't match image C:\Users\yuvra\Desktop\Learnings\unity\2d\Chess2d\Library\PackageCache\com.unity.visualscripting@1.7.8\Editor\VisualScripting.Core\Dependencies\DotNetZip\Unity.VisualScripting.IonicZip.dll
Native extension for WindowsStandalone target not found
Native extension for Android target not found
Native extension for WebGL target not found
Refreshing native plugins compatible for Editor in 1.16 ms, found 4 plugins.
Preloading 0 native plugins for Editor in 0.00 ms.
Mono: successfully reloaded assembly
- Completed reload, in  2.702 seconds
Domain Reload Profiling:
	ReloadAssembly (2704ms)
		BeginReloadAssembly (839ms)
			ExecutionOrderSort (0ms)
			DisableScriptedObjects (71ms)
			BackupInstance (0ms)
			ReleaseScriptingObjects (1ms)
			CreateAndSetChildDomain (464ms)
		EndReloadAssembly (1694ms)
			LoadAssemblies (354ms)
			RebuildTransferFunctionScriptingTraits (0ms)
			SetupTypeCache (718ms)
			ReleaseScriptCaches (5ms)
			RebuildScriptCaches (77ms)
			SetupLoadedEditorAssemblies (550ms)
				LogAssemblyErrors (0ms)
				InitializePlatformSupportModulesInManaged (34ms)
				SetLoadedEditorAssemblies (2ms)
				RefreshPlugins (1ms)
				BeforeProcessingInitializeOnLoad (132ms)
				ProcessInitializeOnLoadAttributes (268ms)
				ProcessInitializeOnLoadMethodAttributes (102ms)
				AfterProcessingInitializeOnLoad (11ms)
				EditorAssembliesLoaded (0ms)
			ExecutionOrderSort2 (0ms)
			AwakeInstancesAfterBackupRestoration (11ms)
Platform modules already initialized, skipping
Refreshing native plugins compatible for Editor in 8.47 ms, found 4 plugins.
Preloading 0 native plugins for Editor in 0.00 ms.
Unloading 5389 Unused Serialized files (Serialized files now loaded: 0)
Unloading 45 unused Assets / (1.2 MB). Loaded Objects now: 5947.
Memory consumption went from 204.7 MB to 203.4 MB.
Total: 7.892800 ms (FindLiveObjects: 0.465000 ms CreateObjectMapping: 0.192800 ms MarkObjects: 5.754600 ms  DeleteObjects: 1.477300 ms)

AssetImportParameters requested are different than current active one (requested -> active):
  custom:video-decoder-ogg-theora: a1e56fd34408186e4bbccfd4996cb3dc -> 
  custom:container-muxer-webm: aa71ff27fc2769a1b78a27578f13a17b -> 
  custom:container-demuxer-webm: 4f35f7cbe854078d1ac9338744f61a02 -> 
  custom:video-encoder-webm-vp8: eb34c28f22e8b96e1ab97ce403110664 -> 
  custom:video-codec-MediaFoundation-h265: 746d11721c4dcdbdad8f713fa42b33f4 -> 
  custom:audio-encoder-webm-vorbis: bf7c407c2cedff20999df2af8eb42d56 -> 
  custom:framework-win-MediaFoundation: 216162199b28c13a410421893ffa2e32 -> 
  custom:container-demuxer-ogg: 62fdf1f143b41e24485cea50d1cbac27 -> 
  custom:video-decoder-webm-vp8: 9c59270c3fd7afecdb556c50c9e8de78 -> 
  custom:audio-decoder-ogg-vorbis: bf7c407c2cedff20999df2af8eb42d56 -> 
========================================================================
Received Import Request.
  Time since last request: 1300.982564 seconds.
  path: Assets
  artifactKey: Guid(00000000000000001000000000000000) Importer(815301076,1909f56bfc062723c751e8b465ee728b)
Start importing Assets using Guid(00000000000000001000000000000000) Importer(815301076,1909f56bfc062723c751e8b465ee728b)  -> (artifact id: '79842766b460edbeab6a34051e857a80') in 0.050197 seconds 
========================================================================
Received Import Request.
  Time since last request: 7.157876 seconds.
  path: Assets/sprites
  artifactKey: Guid(808e9bca1fd6f864ca4a4ef6480d3313) Importer(815301076,1909f56bfc062723c751e8b465ee728b)
Start importing Assets/sprites using Guid(808e9bca1fd6f864ca4a4ef6480d3313) Importer(815301076,1909f56bfc062723c751e8b465ee728b)  -> (artifact id: 'e057b97ef5be31db8e00f8f225d6f7b2') in 0.027375 seconds 
========================================================================
Received Import Request.
  Time since last request: 40.989304 seconds.
  path: Assets/sprites/bishop.png
  artifactKey: Guid(6f1a11307b7a1f148a34d7c7e3bb58cc) Importer(815301076,1909f56bfc062723c751e8b465ee728b)
Start importing Assets/sprites/bishop.png using Guid(6f1a11307b7a1f148a34d7c7e3bb58cc) Importer(815301076,1909f56bfc062723c751e8b465ee728b)  -> (artifact id: 'a1722b10fbb81af0aad4744eb6b5f916') in 0.349113 seconds 
========================================================================
Received Import Request.
  Time since last request: 0.000096 seconds.
  path: Assets/sprites/queen.png
  artifactKey: Guid(53e65a00aac83b44580caa4e9f3d4fa0) Importer(815301076,1909f56bfc062723c751e8b465ee728b)
Start importing Assets/sprites/queen.png using Guid(53e65a00aac83b44580caa4e9f3d4fa0) Importer(815301076,1909f56bfc062723c751e8b465ee728b)  -> (artifact id: 'f1307ff027d4ff60c42da8766dd30e3c') in 0.048772 seconds 
========================================================================
Received Import Request.
  Time since last request: 0.000111 seconds.
  path: Assets/sprites/knight1.png
  artifactKey: Guid(ba8d267ea0c30404c87513ade0cd41b7) Importer(815301076,1909f56bfc062723c751e8b465ee728b)
Start importing Assets/sprites/knight1.png using Guid(ba8d267ea0c30404c87513ade0cd41b7) Importer(815301076,1909f56bfc062723c751e8b465ee728b)  -> (artifact id: '44e0b577e3b1afb9ef87f0a701faad91') in 0.047163 seconds 
========================================================================
Received Import Request.
  Time since last request: 0.000067 seconds.
  path: Assets/sprites/queen1.png
  artifactKey: Guid(99cbaabc9e2fa0447a729c9ba18e40d9) Importer(815301076,1909f56bfc062723c751e8b465ee728b)
Start importing Assets/sprites/queen1.png using Guid(99cbaabc9e2fa0447a729c9ba18e40d9) Importer(815301076,1909f56bfc062723c751e8b465ee728b)  -> (artifact id: 'c6139c7cfb2f7577a9563ba42d066dd8') in 0.046958 seconds 
========================================================================
Received Import Request.
  Time since last request: 0.000077 seconds.
  path: Assets/sprites/rook1.png
  artifactKey: Guid(0ca302cbab39b7546b63bc9960c5034c) Importer(815301076,1909f56bfc062723c751e8b465ee728b)
Start importing Assets/sprites/rook1.png using Guid(0ca302cbab39b7546b63bc9960c5034c) Importer(815301076,1909f56bfc062723c751e8b465ee728b)  -> (artifact id: '7a02447e7ec4e3cf2cbc80819efcd016') in 0.048173 seconds 
========================================================================
Received Import Request.
  Time since last request: 0.000046 seconds.
  path: Assets/sprites/pawn1.png
  artifactKey: Guid(20dd91376497f9d4590e287052dfe34b) Importer(815301076,1909f56bfc062723c751e8b465ee728b)
Start importing Assets/sprites/pawn1.png using Guid(20dd91376497f9d4590e287052dfe34b) Importer(815301076,1909f56bfc062723c751e8b465ee728b)  -> (artifact id: '788500eced9ed0ace12308dff723412b') in 0.040399 seconds 
========================================================================
Received Import Request.
  Time since last request: 3.306219 seconds.
  path: Assets/sprites/JohnPablok Cburnett Chess set
  artifactKey: Guid(09a49674e5dd3574ea6f130405c0f7e3) Importer(815301076,1909f56bfc062723c751e8b465ee728b)
Start importing Assets/sprites/JohnPablok Cburnett Chess set using Guid(09a49674e5dd3574ea6f130405c0f7e3) Importer(815301076,1909f56bfc062723c751e8b465ee728b)  -> (artifact id: 'a38022b326a77928b48ee51585a7d79e') in 0.025927 seconds 
========================================================================
Received Import Request.
  Time since last request: 0.024159 seconds.
  path: Assets/sprites/JohnPablok Cburnett Chess set/example board with pieces.png
  artifactKey: Guid(40ca6ff569599c240a2c594138149fcc) Importer(815301076,1909f56bfc062723c751e8b465ee728b)
Start importing Assets/sprites/JohnPablok Cburnett Chess set/example board with pieces.png using Guid(40ca6ff569599c240a2c594138149fcc) Importer(815301076,1909f56bfc062723c751e8b465ee728b)  -> (artifact id: '81f70dfde40e20fc27e7925567dfb0a8') in 0.088205 seconds 
========================================================================
Received Import Request.
  Time since last request: 6.169920 seconds.
  path: Assets/sprites/JohnPablok Cburnett Chess set/board squares
  artifactKey: Guid(ee75292a4a9247c41856c9193afe155f) Importer(815301076,1909f56bfc062723c751e8b465ee728b)
Start importing Assets/sprites/JohnPablok Cburnett Chess set/board squares using Guid(ee75292a4a9247c41856c9193afe155f) Importer(815301076,1909f56bfc062723c751e8b465ee728b)  -> (artifact id: '63a2452f7b986f2c6c704e2a6a763186') in 0.020058 seconds 
========================================================================
Received Import Request.
  Time since last request: 1.881814 seconds.
  path: Assets/sprites/JohnPablok Cburnett Chess set/board squares/square brown dark_svg.svg
  artifactKey: Guid(5817ee05ec389c044a65b71b806e0fe7) Importer(815301076,1909f56bfc062723c751e8b465ee728b)
Start importing Assets/sprites/JohnPablok Cburnett Chess set/board squares/square brown dark_svg.svg using Guid(5817ee05ec389c044a65b71b806e0fe7) Importer(815301076,1909f56bfc062723c751e8b465ee728b)  -> (artifact id: '89f2a566090c6df44e01db719c178cb3') in 0.020924 seconds 
========================================================================
Received Import Request.
  Time since last request: 13.369715 seconds.
  path: Assets/sprites/JohnPablok Cburnett Chess set/PNGs/No shadow/1024h/b_king_png_1024px.png
  artifactKey: Guid(4894e73359fed9645bcbb2c8224a1d14) Importer(815301076,1909f56bfc062723c751e8b465ee728b)
Start importing Assets/sprites/JohnPablok Cburnett Chess set/PNGs/No shadow/1024h/b_king_png_1024px.png using Guid(4894e73359fed9645bcbb2c8224a1d14) Importer(815301076,1909f56bfc062723c751e8b465ee728b)  -> (artifact id: '1bb549655fe8dbd9ae2d6750018de5d6') in 0.201388 seconds 
========================================================================
Received Import Request.
  Time since last request: 0.000164 seconds.
  path: Assets/sprites/JohnPablok Cburnett Chess set/PNGs/No shadow/1024h/w_pawn_png_1024px.png
  artifactKey: Guid(23b981de04a00194ba2f130a055bfb8c) Importer(815301076,1909f56bfc062723c751e8b465ee728b)
Start importing Assets/sprites/JohnPablok Cburnett Chess set/PNGs/No shadow/1024h/w_pawn_png_1024px.png using Guid(23b981de04a00194ba2f130a055bfb8c) Importer(815301076,1909f56bfc062723c751e8b465ee728b)  -> (artifact id: '0a74df1cd4ff822019a187433a5be44a') in 0.158775 seconds 
========================================================================
Received Import Request.
  Time since last request: 0.000110 seconds.
  path: Assets/sprites/JohnPablok Cburnett Chess set/PNGs/No shadow/1024h/square brown dark_png_1024px.png
  artifactKey: Guid(53309cce9c868384881518e7838952ab) Importer(815301076,1909f56bfc062723c751e8b465ee728b)
Start importing Assets/sprites/JohnPablok Cburnett Chess set/PNGs/No shadow/1024h/square brown dark_png_1024px.png using Guid(53309cce9c868384881518e7838952ab) Importer(815301076,1909f56bfc062723c751e8b465ee728b)  -> (artifact id: '0056f758dbd3549ee3f9b3e50138f110') in 0.168577 seconds 
========================================================================
Received Import Request.
  Time since last request: 0.000035 seconds.
  path: Assets/sprites/JohnPablok Cburnett Chess set/PNGs/No shadow/1024h/b_rook_png_1024px.png
  artifactKey: Guid(bdd9da76dbf01a64386e77d67986cafe) Importer(815301076,1909f56bfc062723c751e8b465ee728b)
Start importing Assets/sprites/JohnPablok Cburnett Chess set/PNGs/No shadow/1024h/b_rook_png_1024px.png using Guid(bdd9da76dbf01a64386e77d67986cafe) Importer(815301076,1909f56bfc062723c751e8b465ee728b)  -> (artifact id: '64c336c961b10401b366cad8b13d7759') in 0.125477 seconds 
Editor requested this worker to shutdown with reason: Scaling down because of idle timeout
AssetImportWorker is now disconnected from the server
Process exiting
Exiting without the bug reporter. Application will terminate with return code 0